C:\LAVAC32\XML\XMLPARSER\XMLPARSER\DEBUG\XMLPARSER.PCH
C:\LAVAC32\XML\XMLPARSER\XMLPARSER\DEBUG\STDAFX.OBJ
C:\LAVAC32\XML\XMLPARSER\XMLPARSER\DEBUG\VC110.PDB
C:\LAVAC32\XML\XMLPARSER\XMLPARSER\DEBUG\DLLMAIN.OBJ
C:\LAVAC32\XML\XMLPARSER\XMLPARSER\DEBUG\XMLPARSER.OBJ
C:\LAVAC32\XML\XMLPARSER\DEBUG\XMLPARSER.ILK
C:\LAVAC32\XML\XMLPARSER\DEBUG\XMLPARSER.DLL
C:\LAVAC32\XML\XMLPARSER\DEBUG\XMLPARSER.PDB
C:\LAVAC32\xml\xmlparser\Debug\xmlparser.lib
C:\LAVAC32\xml\xmlparser\Debug\xmlparser.exp
C:\LAVAC32\xml\xmlparser\xmlparser\Debug\dllmain.obj
C:\LAVAC32\xml\xmlparser\xmlparser\Debug\stdafx.obj
C:\LAVAC32\xml\xmlparser\xmlparser\Debug\xmlparser.obj
C:\LAVAC32\xml\xmlparser\xmlparser\Debug\cl.command.1.tlog
C:\LAVAC32\xml\xmlparser\xmlparser\Debug\CL.read.1.tlog
C:\LAVAC32\xml\xmlparser\xmlparser\Debug\CL.write.1.tlog
C:\LAVAC32\xml\xmlparser\xmlparser\Debug\link-cvtres.read.1.tlog
C:\LAVAC32\xml\xmlparser\xmlparser\Debug\link-cvtres.write.1.tlog
C:\LAVAC32\xml\xmlparser\xmlparser\Debug\link-rc.read.1.tlog
C:\LAVAC32\xml\xmlparser\xmlparser\Debug\link-rc.write.1.tlog
C:\LAVAC32\xml\xmlparser\xmlparser\Debug\link.command.1.tlog
C:\LAVAC32\xml\xmlparser\xmlparser\Debug\link.read.1.tlog
C:\LAVAC32\xml\xmlparser\xmlparser\Debug\link.write.1.tlog
C:\LAVAC32\xml\xmlparser\xmlparser\Debug\xmlparser.write.1.tlog
C:\LAVAC32\xml\xmlparser\xmlparser\Debug\xmlparser.pch
C:\LAVAC32\xml\xmlparser\xmlparser\Debug\vc110.idb
C:\LAVAC32\xml\xmlparser\xmlparser\Debug\vc110.pdb
C:\LAVAC32\xml\xmlparser\Debug\xmlparser.pdb
C:\LAVAC32\xml\xmlparser\Debug\xmlparser.dll
C:\LAVAC32\xml\xmlparser\Debug\xmlparser.ilk
